0 verbose cli /data/data/com.termux/files/usr/bin/node /data/data/com.termux/files/usr/lib/node_modules/npm/bin/npm-cli.js
1 info using npm@11.11.1
2 info using node@v25.8.1
3 silly config load:file:/data/data/com.termux/files/usr/lib/node_modules/npm/npmrc
4 silly config load:file:/data/data/com.termux/files/home/REAL_HOSTING/.npmrc
5 silly config load:file:/data/data/com.termux/files/home/.npmrc
6 silly config load:file:/data/data/com.termux/files/usr/etc/npmrc
7 verbose title npm exec http-server -p 8080
8 verbose argv "exec" "--" "http-server" "-p" "8080"
9 verbose logfile logs-max:10 dir:/data/data/com.termux/files/home/.npm/_logs/2026-03-16T15_28_29_886Z-
10 verbose logfile /data/data/com.termux/files/home/.npm/_logs/2026-03-16T15_28_29_886Z-debug-0.log
11 silly logfile done cleaning log files
12 silly packumentCache heap:516423680 maxSize:129105920 maxEntrySize:64552960
13 http fetch GET 200 https://registry.npmjs.org/http-server 932ms (cache miss)
14 silly packumentCache heap:516423680 maxSize:129105920 maxEntrySize:64552960
15 silly packumentCache heap:516423680 maxSize:129105920 maxEntrySize:64552960
16 verbose cwd /data/data/com.termux/files/home/REAL_HOSTING
17 verbose os Linux 4.9.190-perf-gd6489126e4e3
18 verbose node v25.8.1
19 verbose npm  v11.11.1
20 verbose exit 1
21 verbose code 1
22 error A complete log of this run can be found in: /data/data/com.termux/files/home/.npm/_logs/2026-03-16T15_28_29_886Z-debug-0.log
